<?xml version="1.0" encoding="UTF-8"?>
<!-- Generated by org.testng.reporters.JUnitXMLReporter -->
<testsuite ignored="0" hostname="DESKTOP-9HOSIS4" failures="0" tests="3" name="Test" time="19.677" errors="0" timestamp="2022-03-20T15:34:41 GST">
  <testcase classname="TestCases.LoginFunction" name="LoginFailureTest" time="0.934"/>
  <testcase classname="TestCases.LoginFunction" name="LoginSuccessTest" time="0.84"/>
  <testcase classname="TestCases.LoginFunction" name="ParameterizedTest" time="0.354"/>
</testsuite> <!-- Test -->
