<?xml version="1.0" encoding="UTF-8"?>
<!-- Generated by org.testng.reporters.JUnitXMLReporter -->
<testsuite hostname="DESKTOP-9HOSIS4" ignored="0" name="Test" tests="4" failures="0" timestamp="2022-04-16T13:07:57 GST" time="45.962" errors="0">
  <testcase name="ExcelDataLoginTest" time="7.052" classname="TestCases.LoginFunction"/>
  <testcase name="LoginFailureTest" time="0.387" classname="TestCases.LoginFunction"/>
  <testcase name="LoginSuccessTest" time="0.417" classname="TestCases.LoginFunction"/>
  <testcase name="ParameterizedTest" time="0.385" classname="TestCases.LoginFunction"/>
</testsuite> <!-- Test -->
